<?xml version='1.0' encoding='UTF-8'?>
<testsuite hostname="C02YX4SXLVDQ" name="ShoppingServiceSpec" tests="17" errors="0" failures="0" skipped="0" time="0.205" timestamp="2024-08-12T13:25:07">
          <properties>
      <property name="java.specification.version" value="17"/><property name="sun.jnu.encoding" value="UTF-8"/><property name="sun.arch.data.model" value="64"/><property name="java.vendor.url" value="https://aws.amazon.com/corretto/"/><property name="sun.boot.library.path" value="/Users/jamepalm/Library/Java/JavaVirtualMachines/corretto-17.0.3/Contents/Home/lib"/><property name="sun.java.command" value="/usr/local/Cellar/sbt/1.3.10/libexec/bin/sbt-launch.jar test"/><property name="jdk.debug" value="release"/><property name="sun.stderr.encoding" value="UTF-8"/><property name="java.specification.vendor" value="Oracle Corporation"/><property name="java.version.date" value="2022-04-19"/><property name="java.home" value="/Users/jamepalm/Library/Java/JavaVirtualMachines/corretto-17.0.3/Contents/Home"/><property name="file.separator" value="/"/><property name="java.vm.compressedOopsMode" value="Zero based"/><property name="line.separator" value="
"/><property name="sun.stdout.encoding" value="UTF-8"/><property name="java.vm.specification.vendor" value="Oracle Corporation"/><property name="java.specification.name" value="Java Platform API Specification"/><property name="sun.management.compiler" value="HotSpot 64-Bit Tiered Compilers"/><property name="java.runtime.version" value="17.0.3+6-LTS"/><property name="user.name" value="jamepalm"/><property name="log4j.ignoreTCL" value="true"/><property name="file.encoding" value="UTF-8"/><property name="jnidispatch.path" value="/Users/jamepalm/Library/Caches/JNA/temp/jna4479504354364215181.tmp"/><property name="java.vendor.version" value="Corretto-17.0.3.6.1"/><property name="jna.loaded" value="true"/><property name="java.io.tmpdir" value="/var/folders/k_/c4lt67dj0hg3v05jkwsz7p180000gn/T/"/><property name="java.version" value="17.0.3"/><property name="java.vm.specification.name" value="Java Virtual Machine Specification"/><property name="native.encoding" value="UTF-8"/><property name="java.library.path" value="/Users/jamepalm/Library/Java/Extensions:/Library/Java/Extensions:/Network/Library/Java/Extensions:/System/Library/Java/Extensions:/usr/lib/java:."/><property name="java.vendor" value="Amazon.com Inc."/><property name="scala.ext.dirs" value="/Users/jamepalm/.sbt/0.13/java9-rt-ext-amazon_com_inc__17_0_3"/><property name="sun.io.unicode.encoding" value="UnicodeBig"/><property name="java.class.path" value="/usr/local/Cellar/sbt/1.3.10/libexec/bin/sbt-launch.jar"/><property name="java.vm.vendor" value="Amazon.com Inc."/><property name="jline.shutdownhook" value="false"/><property name="user.timezone" value="Europe/London"/><property name="java.vm.specification.version" value="17"/><property name="os.name" value="Mac OS X"/><property name="sun.java.launcher" value="SUN_STANDARD"/><property name="user.country" value="001"/><property name="sun.cpu.endian" value="little"/><property name="user.home" value="/Users/jamepalm"/><property name="user.language" value="en"/><property name="sbt.ipcsocket.tmpdir" value="/var/folders/k_/c4lt67dj0hg3v05jkwsz7p180000gn/T/.sbtfc0cc2e2/ipcsocket"/><property name="swoval.tmpdir" value="/var/folders/k_/c4lt67dj0hg3v05jkwsz7p180000gn/T/.sbtfc0cc2e2/swoval"/><property name="jline.esc.timeout" value="0"/><property name="path.separator" value=":"/><property name="os.version" value="14.4"/><property name="jna.nosys" value="true"/><property name="java.runtime.name" value="OpenJDK Runtime Environment"/><property name="java.vm.name" value="OpenJDK 64-Bit Server VM"/><property name="jna.platform.library.path" value="/usr/lib:/usr/lib"/><property name="java.vendor.url.bug" value="https://github.com/corretto/corretto-17/issues/"/><property name="user.dir" value="/Users/jamepalm/Scala/ScalaRepos/interviews/shopChallenge"/><property name="os.arch" value="x86_64"/><property name="java.vm.info" value="mixed mode, sharing"/><property name="java.vm.version" value="17.0.3+6-LTS"/><property name="java.class.version" value="61.0"/>
    </properties>
          <testcase classname="ShoppingServiceSpec" name="ShoppingSpecService should generate a unique CartId when the store is empty" time="0.175">
                      
                    </testcase><testcase classname="ShoppingServiceSpec" name="ShoppingSpecService should generate a unique CartId when the store already contains some ids" time="0.005">
                      
                    </testcase><testcase classname="ShoppingServiceSpec" name="ShoppingSpecService should create a cart and add it to the cartStore" time="0.009">
                      
                    </testcase><testcase classname="ShoppingServiceSpec" name="ShoppingSpecService should retrieve a cart by ID from the cartStore" time="0.001">
                      
                    </testcase><testcase classname="ShoppingServiceSpec" name="ShoppingSpecService should safely handle when cart not present" time="0.0">
                      
                    </testcase><testcase classname="ShoppingServiceSpec" name="ShoppingSpecService should add items to the cart and update the item quantity" time="0.002">
                      
                    </testcase><testcase classname="ShoppingServiceSpec" name="ShoppingSpecService should update the quantity of an existing item in the cart" time="0.001">
                      
                    </testcase><testcase classname="ShoppingServiceSpec" name="ShoppingSpecService should add a new product to the cart" time="0.001">
                      
                    </testcase><testcase classname="ShoppingServiceSpec" name="ShoppingSpecService should remove an item from the cart" time="0.004">
                      
                    </testcase><testcase classname="ShoppingServiceSpec" name="ShoppingSpecService should remove an item from the cart whilst leaving other items in the cart" time="0.0">
                      
                    </testcase><testcase classname="ShoppingServiceSpec" name="ShoppingSpecService should delete a cart from the cartStore" time="0.0">
                      
                    </testcase><testcase classname="ShoppingServiceSpec" name="ShoppingSpecService should delete a cart from the cartStore whilst leaving other carts in the cart store" time="0.0">
                      
                    </testcase><testcase classname="ShoppingServiceSpec" name="ShoppingSpecService should mark a cart as checked out" time="0.001">
                      
                    </testcase><testcase classname="ShoppingServiceSpec" name="ShoppingSpecService should not affect the items in the cart when marking as checked out" time="0.001">
                      
                    </testcase><testcase classname="ShoppingServiceSpec" name="ShoppingSpecService should calculate the total price for a cart with one product" time="0.003">
                      
                    </testcase><testcase classname="ShoppingServiceSpec" name="ShoppingSpecService should calculate the total price for a cart with multiple products" time="0.001">
                      
                    </testcase><testcase classname="ShoppingServiceSpec" name="ShoppingSpecService should return 0 for an empty cart" time="0.001">
                      
                    </testcase>
          <system-out><![CDATA[]]></system-out>
          <system-err><![CDATA[]]></system-err>
        </testsuite>